# JRE version: OpenJDK Runtime Environment (15.0.2+7) (build 15.0.2+7-27)
# Java VM: OpenJDK 64-Bit Server VM (15.0.2+7-27, mixed mode, tiered, compressed oops, g1 gc, windows-amd64)
GC Precious Log:
 CPUs: 4 total, 4 available
 Memory: 1956M
 Large Page Support: Disabled
 NUMA Support: Disabled
 Compressed Oops: Enabled (32-bit)
 Heap Region Size: 1M
 Heap Min Capacity: 8M
 Heap Initial Capacity: 32M
 Heap Max Capacity: 490M
 Pre-touch: Disabled
 Parallel Workers: 4
 Concurrent Workers: 1
 Concurrent Refinement Workers: 4
 Periodic GC: Disabled
Heap:
 garbage-first heap   total 32768K, used 7530K [0x00000000e1600000, 0x0000000100000000)
  region size 1024K, 3 young (3072K), 0 survivors (0K)
 Metaspace       used 17313K, capacity 17443K, committed 17536K, reserved 1075200K
  class space    used 1837K, capacity 1881K, committed 1920K, reserved 1048576K
GC Heap History (8 events):
Event: 1.574 GC heap before
{Heap before GC invocations=0 (full 0):
 garbage-first heap   total 32768K, used 13312K [0x00000000e1600000, 0x0000000100000000)
  region size 1024K, 13 young (13312K), 0 survivors (0K)
 Metaspace       used 6307K, capacity 6387K, committed 6528K, reserved 1056768K
  class space    used 521K, capacity 529K, committed 640K, reserved 1048576K
}
Event: 1.580 GC heap after
{Heap after GC invocations=1 (full 0):
 garbage-first heap   total 32768K, used 3478K [0x00000000e1600000, 0x0000000100000000)
  region size 1024K, 2 young (2048K), 2 survivors (2048K)
 Metaspace       used 6307K, capacity 6387K, committed 6528K, reserved 1056768K
  class space    used 521K, capacity 529K, committed 640K, reserved 1048576K
}
Event: 1.589 GC heap before
{Heap before GC invocations=1 (full 0):
 garbage-first heap   total 32768K, used 14742K [0x00000000e1600000, 0x0000000100000000)
  region size 1024K, 14 young (14336K), 2 survivors (2048K)
 Metaspace       used 6307K, capacity 6387K, committed 6528K, reserved 1056768K
  class space    used 521K, capacity 529K, committed 640K, reserved 1048576K
}
Event: 1.593 GC heap after
{Heap after GC invocations=2 (full 0):
 garbage-first heap   total 32768K, used 3429K [0x00000000e1600000, 0x0000000100000000)
  region size 1024K, 1 young (1024K), 1 survivors (1024K)
 Metaspace       used 6307K, capacity 6387K, committed 6528K, reserved 1056768K
  class space    used 521K, capacity 529K, committed 640K, reserved 1048576K
}
Event: 1.734 GC heap before
{Heap before GC invocations=2 (full 0):
 garbage-first heap   total 32768K, used 15717K [0x00000000e1600000, 0x0000000100000000)
  region size 1024K, 14 young (14336K), 1 survivors (1024K)
 Metaspace       used 7512K, capacity 7577K, committed 7680K, reserved 1056768K
  class space    used 646K, capacity 670K, committed 768K, reserved 1048576K
}
Event: 1.735 GC heap after
{Heap after GC invocations=3 (full 0):
 garbage-first heap   total 32768K, used 3659K [0x00000000e1600000, 0x0000000100000000)
  region size 1024K, 1 young (1024K), 1 survivors (1024K)
 Metaspace       used 7512K, capacity 7577K, committed 7680K, reserved 1056768K
  class space    used 646K, capacity 670K, committed 768K, reserved 1048576K
}
Event: 3.301 GC heap before
{Heap before GC invocations=3 (full 0):
 garbage-first heap   total 32768K, used 19019K [0x00000000e1600000, 0x0000000100000000)
  region size 1024K, 16 young (16384K), 1 survivors (1024K)
 Metaspace       used 16567K, capacity 16733K, committed 17024K, reserved 1067008K
  class space    used 1743K, capacity 1816K, committed 1920K, reserved 1048576K
}
Event: 3.310 GC heap after
{Heap after GC invocations=4 (full 0):
 garbage-first heap   total 32768K, used 5482K [0x00000000e1600000, 0x0000000100000000)
  region size 1024K, 2 young (2048K), 2 survivors (2048K)
 Metaspace       used 16567K, capacity 16733K, committed 17024K, reserved 1067008K
  class space    used 1743K, capacity 1816K, committed 1920K, reserved 1048576K
}

