# JRE version: OpenJDK Runtime Environment (15.0.2+7) (build 15.0.2+7-27)
# Java VM: OpenJDK 64-Bit Server VM (15.0.2+7-27, mixed mode, tiered, compressed oops, g1 gc, windows-amd64)
GC Precious Log:
 CPUs: 4 total, 4 available
 Memory: 1956M
 Large Page Support: Disabled
 NUMA Support: Disabled
 Compressed Oops: Enabled (32-bit)
 Heap Region Size: 1M
 Heap Min Capacity: 8M
 Heap Initial Capacity: 32M
 Heap Max Capacity: 490M
 Pre-touch: Disabled
 Parallel Workers: 4
 Concurrent Workers: 1
 Concurrent Refinement Workers: 4
 Periodic GC: Disabled
Heap:
 garbage-first heap   total 24576K, used 5534K [0x00000000e1600000, 0x0000000100000000)
  region size 1024K, 1 young (1024K), 1 survivors (1024K)
 Metaspace       used 16846K, capacity 16950K, committed 17024K, reserved 1083392K
  class space    used 1781K, capacity 1848K, committed 1920K, reserved 1048576K
GC Heap History (9 events):
Event: 0.753 GC heap before
{Heap before GC invocations=0 (full 0):
 garbage-first heap   total 32768K, used 13312K [0x00000000e1600000, 0x0000000100000000)
  region size 1024K, 13 young (13312K), 0 survivors (0K)
 Metaspace       used 6302K, capacity 6387K, committed 6528K, reserved 1056768K
  class space    used 521K, capacity 529K, committed 640K, reserved 1048576K
}
Event: 0.759 GC heap after
{Heap after GC invocations=1 (full 0):
 garbage-first heap   total 32768K, used 3362K [0x00000000e1600000, 0x0000000100000000)
  region size 1024K, 2 young (2048K), 2 survivors (2048K)
 Metaspace       used 6302K, capacity 6387K, committed 6528K, reserved 1056768K
  class space    used 521K, capacity 529K, committed 640K, reserved 1048576K
}
Event: 0.773 GC heap before
{Heap before GC invocations=1 (full 0):
 garbage-first heap   total 32768K, used 14626K [0x00000000e1600000, 0x0000000100000000)
  region size 1024K, 14 young (14336K), 2 survivors (2048K)
 Metaspace       used 6302K, capacity 6387K, committed 6528K, reserved 1056768K
  class space    used 521K, capacity 529K, committed 640K, reserved 1048576K
}
Event: 0.778 GC heap after
{Heap after GC invocations=2 (full 0):
 garbage-first heap   total 32768K, used 3428K [0x00000000e1600000, 0x0000000100000000)
  region size 1024K, 1 young (1024K), 1 survivors (1024K)
 Metaspace       used 6302K, capacity 6387K, committed 6528K, reserved 1056768K
  class space    used 521K, capacity 529K, committed 640K, reserved 1048576K
}
Event: 0.994 GC heap before
{Heap before GC invocations=2 (full 0):
 garbage-first heap   total 32768K, used 15716K [0x00000000e1600000, 0x0000000100000000)
  region size 1024K, 14 young (14336K), 1 survivors (1024K)
 Metaspace       used 7528K, capacity 7577K, committed 7680K, reserved 1056768K
  class space    used 646K, capacity 670K, committed 768K, reserved 1048576K
}
Event: 0.996 GC heap after
{Heap after GC invocations=3 (full 0):
 garbage-first heap   total 32768K, used 3656K [0x00000000e1600000, 0x0000000100000000)
  region size 1024K, 1 young (1024K), 1 survivors (1024K)
 Metaspace       used 7528K, capacity 7577K, committed 7680K, reserved 1056768K
  class space    used 646K, capacity 670K, committed 768K, reserved 1048576K
}
Event: 1.627 GC heap before
{Heap before GC invocations=3 (full 0):
 garbage-first heap   total 32768K, used 8776K [0x00000000e1600000, 0x0000000100000000)
  region size 1024K, 7 young (7168K), 1 survivors (1024K)
 Metaspace       used 13412K, capacity 13551K, committed 13568K, reserved 1071104K
  class space    used 1211K, capacity 1270K, committed 1280K, reserved 1048576K
}
Event: 1.632 GC heap after
{Heap after GC invocations=4 (full 0):
 garbage-first heap   total 32768K, used 4939K [0x00000000e1600000, 0x0000000100000000)
  region size 1024K, 2 young (2048K), 2 survivors (2048K)
 Metaspace       used 13412K, capacity 13551K, committed 13568K, reserved 1071104K
  class space    used 1211K, capacity 1270K, committed 1280K, reserved 1048576K
}
Event: 2.620 GC heap before
{Heap before GC invocations=5 (full 0):
 garbage-first heap   total 24576K, used 15179K [0x00000000e1600000, 0x0000000100000000)
  region size 1024K, 13 young (13312K), 2 survivors (2048K)
 Metaspace       used 16846K, capacity 16950K, committed 17024K, reserved 1081344K
  class space    used 1781K, capacity 1848K, committed 1920K, reserved 1048576K
}

